\BOOKMARK [1][]{section.1}{Description des donn\351es}{}% 1
\BOOKMARK [1][]{section.2}{M\351thode de travail}{}% 2
\BOOKMARK [2][]{subsection.2.1}{Filtrage des donn\351es}{section.2}% 3
\BOOKMARK [3][]{subsubsection.2.1.1}{R\351duction des dimensions}{subsection.2.1}% 4
\BOOKMARK [3][]{subsubsection.2.1.2}{Valeurs manquantes}{subsection.2.1}% 5
\BOOKMARK [3][]{subsubsection.2.1.3}{Outliers}{subsection.2.1}% 6
\BOOKMARK [2][]{subsection.2.2}{Clustering}{section.2}% 7
\BOOKMARK [3][]{subsubsection.2.2.1}{D\351termination du nombre de clusters}{subsection.2.2}% 8
\BOOKMARK [2][]{subsection.2.3}{Clustering}{section.2}% 9
\BOOKMARK [3][]{subsubsection.2.3.1}{Hierarchical Clustering}{subsection.2.3}% 10
\BOOKMARK [3][]{subsubsection.2.3.2}{Clustering partitionnel}{subsection.2.3}% 11
\BOOKMARK [3][]{subsubsection.2.3.3}{Normalisation}{subsection.2.3}% 12
\BOOKMARK [1][]{section.3}{Secteurs d'activit\351 des diff\351rents pays}{}% 13
\BOOKMARK [2][]{subsection.3.1}{S\351lection des donn\351es}{section.3}% 14
\BOOKMARK [2][]{subsection.3.2}{Clustering}{section.3}% 15
\BOOKMARK [3][]{subsubsection.3.2.1}{Clustering hi\351rarchique}{subsection.3.2}% 16
\BOOKMARK [3][]{subsubsection.3.2.2}{Clustering K-Means}{subsection.3.2}% 17
\BOOKMARK [2][]{subsection.3.3}{Interpr\351tation}{section.3}% 18
\BOOKMARK [3][]{subsubsection.3.3.1}{Arbre de d\351cision}{subsection.3.3}% 19
\BOOKMARK [1][]{section.4}{Cr\351ation d'un module de v\351rification du K-Mean}{}% 20
